{"C:\\Users\\yurex\\OneDrive\\Documentos\\Projetos\\api-magalu\\backend\\src\\routes.ts": {"path":"C:\\Users\\yurex\\OneDrive\\Documentos\\Projetos\\api-magalu\\backend\\src\\routes.ts","statementMap":{"0":{"start":{"line":1,"column":0},"end":{"line":1,"column":33}},"1":{"start":{"line":2,"column":0},"end":{"line":2,"column":62}},"2":{"start":{"line":3,"column":0},"end":{"line":3,"column":58}},"3":{"start":{"line":4,"column":0},"end":{"line":4,"column":58}},"4":{"start":{"line":5,"column":0},"end":{"line":5,"column":60}},"5":{"start":{"line":6,"column":0},"end":{"line":6,"column":62}},"6":{"start":{"line":7,"column":0},"end":{"line":7,"column":62}},"7":{"start":{"line":8,"column":0},"end":{"line":8,"column":62}},"8":{"start":{"line":9,"column":0},"end":{"line":9,"column":70}},"9":{"start":{"line":10,"column":0},"end":{"line":10,"column":64}},"10":{"start":{"line":11,"column":0},"end":{"line":11,"column":70}},"11":{"start":{"line":13,"column":15},"end":{"line":13,"column":23}},"12":{"start":{"line":52,"column":9},"end":{"line":52,"column":15}},"13":{"start":{"line":15,"column":0},"end":{"line":17,"column":3}},"14":{"start":{"line":16,"column":4},"end":{"line":16,"column":65}},"15":{"start":{"line":19,"column":0},"end":{"line":21,"column":3}},"16":{"start":{"line":20,"column":4},"end":{"line":20,"column":63}},"17":{"start":{"line":23,"column":0},"end":{"line":25,"column":3}},"18":{"start":{"line":24,"column":4},"end":{"line":24,"column":63}},"19":{"start":{"line":27,"column":0},"end":{"line":29,"column":3}},"20":{"start":{"line":28,"column":4},"end":{"line":28,"column":65}},"21":{"start":{"line":31,"column":0},"end":{"line":33,"column":null}},"22":{"start":{"line":32,"column":4},"end":{"line":32,"column":65}},"23":{"start":{"line":35,"column":0},"end":{"line":38,"column":null}},"24":{"start":{"line":36,"column":4},"end":{"line":36,"column":65}},"25":{"start":{"line":40,"column":0},"end":{"line":42,"column":null}},"26":{"start":{"line":41,"column":4},"end":{"line":41,"column":69}},"27":{"start":{"line":44,"column":0},"end":{"line":46,"column":null}},"28":{"start":{"line":45,"column":4},"end":{"line":45,"column":66}},"29":{"start":{"line":48,"column":0},"end":{"line":50,"column":null}},"30":{"start":{"line":49,"column":4},"end":{"line":49,"column":69}}},"fnMap":{"0":{"name":"(anonymous_0)","decl":{"start":{"line":15,"column":24},"end":{"line":15,"column":25}},"loc":{"start":{"line":15,"column":52},"end":{"line":17,"column":1}}},"1":{"name":"(anonymous_1)","decl":{"start":{"line":19,"column":55},"end":{"line":19,"column":56}},"loc":{"start":{"line":19,"column":83},"end":{"line":21,"column":1}}},"2":{"name":"(anonymous_2)","decl":{"start":{"line":23,"column":43},"end":{"line":23,"column":44}},"loc":{"start":{"line":23,"column":71},"end":{"line":25,"column":1}}},"3":{"name":"(anonymous_3)","decl":{"start":{"line":27,"column":61},"end":{"line":27,"column":62}},"loc":{"start":{"line":27,"column":89},"end":{"line":29,"column":1}}},"4":{"name":"(anonymous_4)","decl":{"start":{"line":31,"column":22},"end":{"line":31,"column":23}},"loc":{"start":{"line":31,"column":50},"end":{"line":33,"column":1}}},"5":{"name":"(anonymous_5)","decl":{"start":{"line":35,"column":37},"end":{"line":35,"column":38}},"loc":{"start":{"line":35,"column":65},"end":{"line":37,"column":1}}},"6":{"name":"(anonymous_6)","decl":{"start":{"line":40,"column":42},"end":{"line":40,"column":43}},"loc":{"start":{"line":40,"column":70},"end":{"line":42,"column":1}}},"7":{"name":"(anonymous_7)","decl":{"start":{"line":44,"column":41},"end":{"line":44,"column":42}},"loc":{"start":{"line":44,"column":69},"end":{"line":46,"column":1}}},"8":{"name":"(anonymous_8)","decl":{"start":{"line":48,"column":55},"end":{"line":48,"column":56}},"loc":{"start":{"line":48,"column":83},"end":{"line":50,"column":1}}}},"branchMap":{},"s":{"0":1,"1":1,"2":1,"3":1,"4":1,"5":1,"6":1,"7":1,"8":1,"9":1,"10":1,"11":1,"12":1,"13":1,"14":2,"15":1,"16":1,"17":1,"18":1,"19":1,"20":1,"21":1,"22":1,"23":1,"24":1,"25":1,"26":1,"27":1,"28":1,"29":1,"30":1},"f":{"0":2,"1":1,"2":1,"3":1,"4":1,"5":1,"6":1,"7":1,"8":1},"b":{}}
,"C:\\Users\\yurex\\OneDrive\\Documentos\\Projetos\\api-magalu\\backend\\src\\entites\\Product.ts": {"path":"C:\\Users\\yurex\\OneDrive\\Documentos\\Projetos\\api-magalu\\backend\\src\\entites\\Product.ts","statementMap":{"0":{"start":{"line":16,"column":6},"end":{"line":16,"column":33}},"1":{"start":{"line":18,"column":6},"end":{"line":20,"column":7}},"2":{"start":{"line":19,"column":8},"end":{"line":19,"column":21}},"3":{"start":{"line":1,"column":0},"end":{"line":1,"column":13}}},"fnMap":{"0":{"name":"(anonymous_0)","decl":{"start":{"line":15,"column":4},"end":{"line":15,"column":16}},"loc":{"start":{"line":15,"column":55},"end":{"line":21,"column":5}}}},"branchMap":{"0":{"loc":{"start":{"line":18,"column":6},"end":{"line":20,"column":7}},"type":"if","locations":[{"start":{"line":18,"column":6},"end":{"line":20,"column":7}}]}},"s":{"0":2,"1":2,"2":2,"3":2},"f":{"0":2},"b":{"0":[2]}}
,"C:\\Users\\yurex\\OneDrive\\Documentos\\Projetos\\api-magalu\\backend\\src\\entites\\User.ts": {"path":"C:\\Users\\yurex\\OneDrive\\Documentos\\Projetos\\api-magalu\\backend\\src\\entites\\User.ts","statementMap":{"0":{"start":{"line":1,"column":0},"end":{"line":1,"column":34}},"1":{"start":{"line":11,"column":4},"end":{"line":11,"column":31}},"2":{"start":{"line":12,"column":4},"end":{"line":14,"column":5}},"3":{"start":{"line":13,"column":6},"end":{"line":13,"column":23}},"4":{"start":{"line":2,"column":0},"end":{"line":2,"column":13}}},"fnMap":{"0":{"name":"(anonymous_0)","decl":{"start":{"line":10,"column":2},"end":{"line":10,"column":14}},"loc":{"start":{"line":10,"column":50},"end":{"line":15,"column":3}}}},"branchMap":{"0":{"loc":{"start":{"line":12,"column":4},"end":{"line":14,"column":5}},"type":"if","locations":[{"start":{"line":12,"column":4},"end":{"line":14,"column":5}}]}},"s":{"0":2,"1":3,"2":3,"3":2,"4":2},"f":{"0":3},"b":{"0":[2]}}
,"C:\\Users\\yurex\\OneDrive\\Documentos\\Projetos\\api-magalu\\backend\\src\\helpers\\AppError.ts": {"path":"C:\\Users\\yurex\\OneDrive\\Documentos\\Projetos\\api-magalu\\backend\\src\\helpers\\AppError.ts","statementMap":{"0":{"start":{"line":5,"column":8},"end":{"line":5,"column":23}},"1":{"start":{"line":6,"column":8},"end":{"line":6,"column":37}},"2":{"start":{"line":7,"column":8},"end":{"line":7,"column":56}},"3":{"start":{"line":1,"column":0},"end":{"line":1,"column":13}}},"fnMap":{"0":{"name":"(anonymous_0)","decl":{"start":{"line":4,"column":4},"end":{"line":4,"column":16}},"loc":{"start":{"line":4,"column":41},"end":{"line":8,"column":5}}}},"branchMap":{"0":{"loc":{"start":{"line":4,"column":25},"end":{"line":4,"column":41}},"type":"default-arg","locations":[{"start":{"line":4,"column":38},"end":{"line":4,"column":41}}]}},"s":{"0":12,"1":12,"2":12,"3":6},"f":{"0":12},"b":{"0":[5]}}
,"C:\\Users\\yurex\\OneDrive\\Documentos\\Projetos\\api-magalu\\backend\\src\\useCases\\Favorite\\Get\\GetFavoriteUseCase.ts": {"path":"C:\\Users\\yurex\\OneDrive\\Documentos\\Projetos\\api-magalu\\backend\\src\\useCases\\Favorite\\Get\\GetFavoriteUseCase.ts","statementMap":{"0":{"start":{"line":2,"column":0},"end":{"line":2,"column":53}},"1":{"start":{"line":9,"column":16},"end":{"line":9,"column":57}},"2":{"start":{"line":10,"column":16},"end":{"line":10,"column":51}},"3":{"start":{"line":11,"column":16},"end":{"line":11,"column":45}},"4":{"start":{"line":14,"column":8},"end":{"line":30,"column":9}},"5":{"start":{"line":15,"column":29},"end":{"line":15,"column":58}},"6":{"start":{"line":16,"column":12},"end":{"line":27,"column":15}},"7":{"start":{"line":20,"column":32},"end":{"line":20,"column":78}},"8":{"start":{"line":21,"column":20},"end":{"line":21,"column":47}},"9":{"start":{"line":21,"column":37},"end":{"line":21,"column":47}},"10":{"start":{"line":22,"column":37},"end":{"line":22,"column":105}},"11":{"start":{"line":22,"column":69},"end":{"line":22,"column":103}},"12":{"start":{"line":23,"column":20},"end":{"line":23,"column":36}},"13":{"start":{"line":25,"column":29},"end":{"line":25,"column":77}},"14":{"start":{"line":26,"column":30},"end":{"line":26,"column":79}},"15":{"start":{"line":29,"column":12},"end":{"line":29,"column":null}},"16":{"start":{"line":7,"column":0},"end":{"line":7,"column":13}}},"fnMap":{"0":{"name":"(anonymous_0)","decl":{"start":{"line":8,"column":4},"end":{"line":8,"column":null}},"loc":{"start":{"line":11,"column":45},"end":{"line":12,"column":9}}},"1":{"name":"(anonymous_1)","decl":{"start":{"line":13,"column":4},"end":{"line":13,"column":9}},"loc":{"start":{"line":13,"column":35},"end":{"line":31,"column":5}}},"2":{"name":"(anonymous_2)","decl":{"start":{"line":19,"column":25},"end":{"line":19,"column":30}},"loc":{"start":{"line":19,"column":36},"end":{"line":24,"column":17}}},"3":{"name":"(anonymous_3)","decl":{"start":{"line":22,"column":63},"end":{"line":22,"column":65}},"loc":{"start":{"line":22,"column":69},"end":{"line":22,"column":103}}},"4":{"name":"(anonymous_4)","decl":{"start":{"line":25,"column":23},"end":{"line":25,"column":26}},"loc":{"start":{"line":25,"column":29},"end":{"line":25,"column":77}}},"5":{"name":"(anonymous_5)","decl":{"start":{"line":26,"column":24},"end":{"line":26,"column":27}},"loc":{"start":{"line":26,"column":30},"end":{"line":26,"column":79}}}},"branchMap":{"0":{"loc":{"start":{"line":21,"column":20},"end":{"line":21,"column":47}},"type":"if","locations":[{"start":{"line":21,"column":20},"end":{"line":21,"column":47}}]}},"s":{"0":1,"1":1,"2":1,"3":1,"4":3,"5":3,"6":3,"7":0,"8":0,"9":0,"10":0,"11":0,"12":0,"13":0,"14":0,"15":1,"16":1},"f":{"0":1,"1":3,"2":0,"3":0,"4":0,"5":0},"b":{"0":[0]}}
,"C:\\Users\\yurex\\OneDrive\\Documentos\\Projetos\\api-magalu\\backend\\src\\useCases\\Favorite\\Insert\\InsertFavoriteUseCase.ts": {"path":"C:\\Users\\yurex\\OneDrive\\Documentos\\Projetos\\api-magalu\\backend\\src\\useCases\\Favorite\\Insert\\InsertFavoriteUseCase.ts","statementMap":{"0":{"start":{"line":2,"column":0},"end":{"line":2,"column":53}},"1":{"start":{"line":10,"column":16},"end":{"line":10,"column":57}},"2":{"start":{"line":11,"column":16},"end":{"line":11,"column":51}},"3":{"start":{"line":12,"column":16},"end":{"line":12,"column":45}},"4":{"start":{"line":15,"column":8},"end":{"line":42,"column":9}},"5":{"start":{"line":16,"column":34},"end":{"line":16,"column":82}},"6":{"start":{"line":17,"column":12},"end":{"line":18,"column":null}},"7":{"start":{"line":18,"column":16},"end":{"line":18,"column":null}},"8":{"start":{"line":20,"column":29},"end":{"line":20,"column":58}},"9":{"start":{"line":21,"column":30},"end":{"line":31,"column":14}},"10":{"start":{"line":25,"column":32},"end":{"line":25,"column":78}},"11":{"start":{"line":26,"column":37},"end":{"line":26,"column":105}},"12":{"start":{"line":26,"column":69},"end":{"line":26,"column":103}},"13":{"start":{"line":27,"column":20},"end":{"line":27,"column":36}},"14":{"start":{"line":29,"column":29},"end":{"line":29,"column":77}},"15":{"start":{"line":30,"column":30},"end":{"line":30,"column":79}},"16":{"start":{"line":33,"column":12},"end":{"line":38,"column":13}},"17":{"start":{"line":33,"column":38},"end":{"line":33,"column":59}},"18":{"start":{"line":34,"column":16},"end":{"line":34,"column":74}},"19":{"start":{"line":36,"column":16},"end":{"line":36,"column":77}},"20":{"start":{"line":37,"column":16},"end":{"line":37,"column":62}},"21":{"start":{"line":41,"column":12},"end":{"line":41,"column":null}},"22":{"start":{"line":7,"column":0},"end":{"line":7,"column":13}}},"fnMap":{"0":{"name":"(anonymous_0)","decl":{"start":{"line":9,"column":4},"end":{"line":9,"column":null}},"loc":{"start":{"line":12,"column":45},"end":{"line":13,"column":9}}},"1":{"name":"(anonymous_1)","decl":{"start":{"line":14,"column":4},"end":{"line":14,"column":9}},"loc":{"start":{"line":14,"column":55},"end":{"line":43,"column":5}}},"2":{"name":"(anonymous_2)","decl":{"start":{"line":24,"column":25},"end":{"line":24,"column":30}},"loc":{"start":{"line":24,"column":36},"end":{"line":28,"column":17}}},"3":{"name":"(anonymous_3)","decl":{"start":{"line":26,"column":63},"end":{"line":26,"column":65}},"loc":{"start":{"line":26,"column":69},"end":{"line":26,"column":103}}},"4":{"name":"(anonymous_4)","decl":{"start":{"line":29,"column":23},"end":{"line":29,"column":26}},"loc":{"start":{"line":29,"column":29},"end":{"line":29,"column":77}}},"5":{"name":"(anonymous_5)","decl":{"start":{"line":30,"column":24},"end":{"line":30,"column":27}},"loc":{"start":{"line":30,"column":30},"end":{"line":30,"column":79}}},"6":{"name":"(anonymous_6)","decl":{"start":{"line":33,"column":31},"end":{"line":33,"column":34}},"loc":{"start":{"line":33,"column":38},"end":{"line":33,"column":59}}}},"branchMap":{"0":{"loc":{"start":{"line":17,"column":12},"end":{"line":18,"column":null}},"type":"if","locations":[{"start":{"line":17,"column":12},"end":{"line":18,"column":null}}]},"1":{"loc":{"start":{"line":33,"column":12},"end":{"line":38,"column":13}},"type":"if","locations":[{"start":{"line":33,"column":12},"end":{"line":38,"column":13}},{"start":{"line":35,"column":17},"end":{"line":38,"column":13}}]}},"s":{"0":1,"1":1,"2":1,"3":1,"4":3,"5":3,"6":3,"7":1,"8":2,"9":2,"10":0,"11":0,"12":0,"13":0,"14":0,"15":0,"16":2,"17":1,"18":1,"19":1,"20":1,"21":2,"22":1},"f":{"0":1,"1":3,"2":0,"3":0,"4":0,"5":0,"6":1},"b":{"0":[1],"1":[1,1]}}
,"C:\\Users\\yurex\\OneDrive\\Documentos\\Projetos\\api-magalu\\backend\\src\\useCases\\Favorite\\Remove\\RemoveFavoriteUseCase.ts": {"path":"C:\\Users\\yurex\\OneDrive\\Documentos\\Projetos\\api-magalu\\backend\\src\\useCases\\Favorite\\Remove\\RemoveFavoriteUseCase.ts","statementMap":{"0":{"start":{"line":2,"column":0},"end":{"line":2,"column":53}},"1":{"start":{"line":8,"column":16},"end":{"line":8,"column":57}},"2":{"start":{"line":9,"column":16},"end":{"line":9,"column":45}},"3":{"start":{"line":11,"column":8},"end":{"line":23,"column":9}},"4":{"start":{"line":12,"column":24},"end":{"line":12,"column":70}},"5":{"start":{"line":14,"column":12},"end":{"line":15,"column":82}},"6":{"start":{"line":15,"column":16},"end":{"line":15,"column":82}},"7":{"start":{"line":17,"column":12},"end":{"line":17,"column":73}},"8":{"start":{"line":19,"column":29},"end":{"line":19,"column":58}},"9":{"start":{"line":20,"column":12},"end":{"line":20,"column":58}},"10":{"start":{"line":22,"column":12},"end":{"line":22,"column":null}},"11":{"start":{"line":6,"column":0},"end":{"line":6,"column":13}}},"fnMap":{"0":{"name":"(anonymous_0)","decl":{"start":{"line":7,"column":4},"end":{"line":7,"column":null}},"loc":{"start":{"line":9,"column":45},"end":{"line":9,"column":50}}},"1":{"name":"(anonymous_1)","decl":{"start":{"line":10,"column":4},"end":{"line":10,"column":9}},"loc":{"start":{"line":10,"column":55},"end":{"line":24,"column":5}}}},"branchMap":{"0":{"loc":{"start":{"line":14,"column":12},"end":{"line":15,"column":82}},"type":"if","locations":[{"start":{"line":14,"column":12},"end":{"line":15,"column":82}}]}},"s":{"0":1,"1":1,"2":1,"3":3,"4":3,"5":2,"6":1,"7":1,"8":1,"9":1,"10":2,"11":1},"f":{"0":1,"1":3},"b":{"0":[1]}}
,"C:\\Users\\yurex\\OneDrive\\Documentos\\Projetos\\api-magalu\\backend\\src\\useCases\\User\\Create\\CreateUserUseCase.ts": {"path":"C:\\Users\\yurex\\OneDrive\\Documentos\\Projetos\\api-magalu\\backend\\src\\useCases\\User\\Create\\CreateUserUseCase.ts","statementMap":{"0":{"start":{"line":1,"column":0},"end":{"line":1,"column":45}},"1":{"start":{"line":2,"column":0},"end":{"line":2,"column":53}},"2":{"start":{"line":7,"column":24},"end":{"line":7,"column":56}},"3":{"start":{"line":10,"column":27},"end":{"line":10,"column":77}},"4":{"start":{"line":11,"column":8},"end":{"line":12,"column":58}},"5":{"start":{"line":12,"column":12},"end":{"line":12,"column":58}},"6":{"start":{"line":14,"column":21},"end":{"line":14,"column":35}},"7":{"start":{"line":16,"column":8},"end":{"line":16,"column":46}},"8":{"start":{"line":6,"column":0},"end":{"line":6,"column":13}}},"fnMap":{"0":{"name":"(anonymous_0)","decl":{"start":{"line":7,"column":4},"end":{"line":7,"column":24}},"loc":{"start":{"line":7,"column":56},"end":{"line":7,"column":61}}},"1":{"name":"(anonymous_1)","decl":{"start":{"line":9,"column":4},"end":{"line":9,"column":9}},"loc":{"start":{"line":9,"column":38},"end":{"line":17,"column":5}}}},"branchMap":{"0":{"loc":{"start":{"line":11,"column":8},"end":{"line":12,"column":58}},"type":"if","locations":[{"start":{"line":11,"column":8},"end":{"line":12,"column":58}}]}},"s":{"0":1,"1":1,"2":1,"3":2,"4":2,"5":1,"6":1,"7":1,"8":1},"f":{"0":1,"1":2},"b":{"0":[1]}}
,"C:\\Users\\yurex\\OneDrive\\Documentos\\Projetos\\api-magalu\\backend\\src\\useCases\\User\\Edit\\EditUserUseCase.ts": {"path":"C:\\Users\\yurex\\OneDrive\\Documentos\\Projetos\\api-magalu\\backend\\src\\useCases\\User\\Edit\\EditUserUseCase.ts","statementMap":{"0":{"start":{"line":1,"column":0},"end":{"line":1,"column":53}},"1":{"start":{"line":6,"column":24},"end":{"line":6,"column":56}},"2":{"start":{"line":9,"column":21},"end":{"line":9,"column":60}},"3":{"start":{"line":10,"column":8},"end":{"line":12,"column":9}},"4":{"start":{"line":11,"column":12},"end":{"line":11,"column":62}},"5":{"start":{"line":14,"column":8},"end":{"line":18,"column":9}},"6":{"start":{"line":15,"column":31},"end":{"line":15,"column":76}},"7":{"start":{"line":16,"column":12},"end":{"line":17,"column":62}},"8":{"start":{"line":17,"column":16},"end":{"line":17,"column":62}},"9":{"start":{"line":20,"column":23},"end":{"line":23,"column":null}},"10":{"start":{"line":24,"column":8},"end":{"line":24,"column":null}},"11":{"start":{"line":5,"column":0},"end":{"line":5,"column":13}}},"fnMap":{"0":{"name":"(anonymous_0)","decl":{"start":{"line":6,"column":4},"end":{"line":6,"column":24}},"loc":{"start":{"line":6,"column":56},"end":{"line":6,"column":61}}},"1":{"name":"(anonymous_1)","decl":{"start":{"line":8,"column":4},"end":{"line":8,"column":9}},"loc":{"start":{"line":8,"column":51},"end":{"line":25,"column":5}}}},"branchMap":{"0":{"loc":{"start":{"line":10,"column":8},"end":{"line":12,"column":9}},"type":"if","locations":[{"start":{"line":10,"column":8},"end":{"line":12,"column":9}}]},"1":{"loc":{"start":{"line":14,"column":8},"end":{"line":18,"column":9}},"type":"if","locations":[{"start":{"line":14,"column":8},"end":{"line":18,"column":9}}]},"2":{"loc":{"start":{"line":14,"column":12},"end":{"line":14,"column":41}},"type":"binary-expr","locations":[{"start":{"line":14,"column":12},"end":{"line":14,"column":17}},{"start":{"line":14,"column":21},"end":{"line":14,"column":41}}]},"3":{"loc":{"start":{"line":16,"column":12},"end":{"line":17,"column":62}},"type":"if","locations":[{"start":{"line":16,"column":12},"end":{"line":17,"column":62}}]},"4":{"loc":{"start":{"line":21,"column":18},"end":{"line":21,"column":35}},"type":"cond-expr","locations":[{"start":{"line":21,"column":18},"end":{"line":21,"column":22}},{"start":{"line":21,"column":26},"end":{"line":21,"column":35}}]},"5":{"loc":{"start":{"line":21,"column":18},"end":{"line":21,"column":26}},"type":"binary-expr","locations":[{"start":{"line":21,"column":18},"end":{"line":21,"column":26}},{"start":{"line":21,"column":18},"end":{"line":21,"column":26}}]},"6":{"loc":{"start":{"line":22,"column":19},"end":{"line":22,"column":38}},"type":"cond-expr","locations":[{"start":{"line":22,"column":19},"end":{"line":22,"column":24}},{"start":{"line":22,"column":28},"end":{"line":22,"column":38}}]},"7":{"loc":{"start":{"line":22,"column":19},"end":{"line":22,"column":28}},"type":"binary-expr","locations":[{"start":{"line":22,"column":19},"end":{"line":22,"column":28}},{"start":{"line":22,"column":19},"end":{"line":22,"column":28}}]}},"s":{"0":1,"1":1,"2":4,"3":4,"4":1,"5":3,"6":2,"7":2,"8":1,"9":2,"10":2,"11":1},"f":{"0":1,"1":4},"b":{"0":[1],"1":[2],"2":[3,2],"3":[1],"4":[1,1],"5":[2,2],"6":[1,1],"7":[2,2]}}
,"C:\\Users\\yurex\\OneDrive\\Documentos\\Projetos\\api-magalu\\backend\\src\\useCases\\User\\List\\ListUserUseCase.ts": {"path":"C:\\Users\\yurex\\OneDrive\\Documentos\\Projetos\\api-magalu\\backend\\src\\useCases\\User\\List\\ListUserUseCase.ts","statementMap":{"0":{"start":{"line":6,"column":24},"end":{"line":6,"column":57}},"1":{"start":{"line":8,"column":8},"end":{"line":8,"column":50}},"2":{"start":{"line":5,"column":0},"end":{"line":5,"column":13}}},"fnMap":{"0":{"name":"(anonymous_0)","decl":{"start":{"line":6,"column":4},"end":{"line":6,"column":24}},"loc":{"start":{"line":6,"column":57},"end":{"line":6,"column":62}}},"1":{"name":"(anonymous_1)","decl":{"start":{"line":7,"column":4},"end":{"line":7,"column":9}},"loc":{"start":{"line":7,"column":17},"end":{"line":9,"column":5}}}},"branchMap":{},"s":{"0":1,"1":2,"2":1},"f":{"0":1,"1":2},"b":{}}
,"C:\\Users\\yurex\\OneDrive\\Documentos\\Projetos\\api-magalu\\backend\\src\\useCases\\User\\Remove\\RemoveUserUseCase.ts": {"path":"C:\\Users\\yurex\\OneDrive\\Documentos\\Projetos\\api-magalu\\backend\\src\\useCases\\User\\Remove\\RemoveUserUseCase.ts","statementMap":{"0":{"start":{"line":1,"column":0},"end":{"line":1,"column":53}},"1":{"start":{"line":5,"column":24},"end":{"line":5,"column":56}},"2":{"start":{"line":8,"column":21},"end":{"line":8,"column":60}},"3":{"start":{"line":9,"column":8},"end":{"line":11,"column":9}},"4":{"start":{"line":10,"column":12},"end":{"line":10,"column":62}},"5":{"start":{"line":12,"column":8},"end":{"line":12,"column":46}},"6":{"start":{"line":4,"column":0},"end":{"line":4,"column":13}}},"fnMap":{"0":{"name":"(anonymous_0)","decl":{"start":{"line":5,"column":4},"end":{"line":5,"column":24}},"loc":{"start":{"line":5,"column":56},"end":{"line":5,"column":61}}},"1":{"name":"(anonymous_1)","decl":{"start":{"line":7,"column":4},"end":{"line":7,"column":9}},"loc":{"start":{"line":7,"column":28},"end":{"line":13,"column":5}}}},"branchMap":{"0":{"loc":{"start":{"line":9,"column":8},"end":{"line":11,"column":9}},"type":"if","locations":[{"start":{"line":9,"column":8},"end":{"line":11,"column":9}}]}},"s":{"0":1,"1":1,"2":2,"3":2,"4":1,"5":1,"6":1},"f":{"0":1,"1":2},"b":{"0":[1]}}
,"C:\\Users\\yurex\\OneDrive\\Documentos\\Projetos\\api-magalu\\backend\\test\\mocks\\CacheProviderMock.ts": {"path":"C:\\Users\\yurex\\OneDrive\\Documentos\\Projetos\\api-magalu\\backend\\test\\mocks\\CacheProviderMock.ts","statementMap":{"0":{"start":{"line":3,"column":33},"end":{"line":6,"column":2}},"1":{"start":{"line":3,"column":69},"end":{"line":6,"column":2}},"2":{"start":{"line":3,"column":13},"end":{"line":3,"column":33}}},"fnMap":{"0":{"name":"(anonymous_0)","decl":{"start":{"line":3,"column":33},"end":{"line":3,"column":65}},"loc":{"start":{"line":3,"column":69},"end":{"line":6,"column":2}}}},"branchMap":{},"s":{"0":3,"1":3,"2":3},"f":{"0":3},"b":{}}
,"C:\\Users\\yurex\\OneDrive\\Documentos\\Projetos\\api-magalu\\backend\\test\\mocks\\FavoriteRepositoryMock.ts": {"path":"C:\\Users\\yurex\\OneDrive\\Documentos\\Projetos\\api-magalu\\backend\\test\\mocks\\FavoriteRepositoryMock.ts","statementMap":{"0":{"start":{"line":3,"column":39},"end":{"line":7,"column":2}},"1":{"start":{"line":3,"column":81},"end":{"line":7,"column":2}},"2":{"start":{"line":3,"column":13},"end":{"line":3,"column":39}}},"fnMap":{"0":{"name":"(anonymous_0)","decl":{"start":{"line":3,"column":39},"end":{"line":3,"column":77}},"loc":{"start":{"line":3,"column":81},"end":{"line":7,"column":2}}}},"branchMap":{},"s":{"0":3,"1":3,"2":3},"f":{"0":3},"b":{}}
,"C:\\Users\\yurex\\OneDrive\\Documentos\\Projetos\\api-magalu\\backend\\test\\mocks\\ProductProviderMock.ts": {"path":"C:\\Users\\yurex\\OneDrive\\Documentos\\Projetos\\api-magalu\\backend\\test\\mocks\\ProductProviderMock.ts","statementMap":{"0":{"start":{"line":4,"column":36},"end":{"line":6,"column":2}},"1":{"start":{"line":4,"column":75},"end":{"line":6,"column":2}},"2":{"start":{"line":4,"column":13},"end":{"line":4,"column":36}}},"fnMap":{"0":{"name":"(anonymous_0)","decl":{"start":{"line":4,"column":36},"end":{"line":4,"column":71}},"loc":{"start":{"line":4,"column":75},"end":{"line":6,"column":2}}}},"branchMap":{},"s":{"0":2,"1":2,"2":2},"f":{"0":2},"b":{}}
,"C:\\Users\\yurex\\OneDrive\\Documentos\\Projetos\\api-magalu\\backend\\test\\mocks\\UserRepositoryMock.ts": {"path":"C:\\Users\\yurex\\OneDrive\\Documentos\\Projetos\\api-magalu\\backend\\test\\mocks\\UserRepositoryMock.ts","statementMap":{"0":{"start":{"line":6,"column":34},"end":{"line":13,"column":2}},"1":{"start":{"line":6,"column":71},"end":{"line":13,"column":2}},"2":{"start":{"line":6,"column":13},"end":{"line":6,"column":34}}},"fnMap":{"0":{"name":"(anonymous_0)","decl":{"start":{"line":6,"column":34},"end":{"line":6,"column":67}},"loc":{"start":{"line":6,"column":71},"end":{"line":13,"column":2}}}},"branchMap":{},"s":{"0":4,"1":4,"2":4},"f":{"0":4},"b":{}}
}
