TN:
SF:src\routes.ts
FN:15,(anonymous_0)
FN:19,(anonymous_1)
FN:23,(anonymous_2)
FN:27,(anonymous_3)
FN:31,(anonymous_4)
FN:35,(anonymous_5)
FN:40,(anonymous_6)
FN:44,(anonymous_7)
FN:48,(anonymous_8)
FNF:9
FNH:9
FNDA:2,(anonymous_0)
FNDA:1,(anonymous_1)
FNDA:1,(anonymous_2)
FNDA:1,(anonymous_3)
FNDA:1,(anonymous_4)
FNDA:1,(anonymous_5)
FNDA:1,(anonymous_6)
FNDA:1,(anonymous_7)
FNDA:1,(anonymous_8)
DA:1,1
DA:2,1
DA:3,1
DA:4,1
DA:5,1
DA:6,1
DA:7,1
DA:8,1
DA:9,1
DA:10,1
DA:11,1
DA:13,1
DA:15,1
DA:16,2
DA:19,1
DA:20,1
DA:23,1
DA:24,1
DA:27,1
DA:28,1
DA:31,1
DA:32,1
DA:35,1
DA:36,1
DA:40,1
DA:41,1
DA:44,1
DA:45,1
DA:48,1
DA:49,1
DA:52,1
LF:31
LH:31
BRF:0
BRH:0
end_of_record
TN:
SF:src\entites\Product.ts
FN:15,(anonymous_0)
FNF:1
FNH:1
FNDA:2,(anonymous_0)
DA:1,2
DA:16,2
DA:18,2
DA:19,2
LF:4
LH:4
BRDA:18,0,0,2
BRF:1
BRH:1
end_of_record
TN:
SF:src\entites\User.ts
FN:10,(anonymous_0)
FNF:1
FNH:1
FNDA:3,(anonymous_0)
DA:1,2
DA:2,2
DA:11,3
DA:12,3
DA:13,2
LF:5
LH:5
BRDA:12,0,0,2
BRF:1
BRH:1
end_of_record
TN:
SF:src\helpers\AppError.ts
FN:4,(anonymous_0)
FNF:1
FNH:1
FNDA:12,(anonymous_0)
DA:1,6
DA:5,12
DA:6,12
DA:7,12
LF:4
LH:4
BRDA:4,0,0,5
BRF:1
BRH:1
end_of_record
TN:
SF:src\useCases\Favorite\Get\GetFavoriteUseCase.ts
FN:8,(anonymous_0)
FN:13,(anonymous_1)
FN:19,(anonymous_2)
FN:22,(anonymous_3)
FN:25,(anonymous_4)
FN:26,(anonymous_5)
FNF:6
FNH:2
FNDA:1,(anonymous_0)
FNDA:3,(anonymous_1)
FNDA:0,(anonymous_2)
FNDA:0,(anonymous_3)
FNDA:0,(anonymous_4)
FNDA:0,(anonymous_5)
DA:2,1
DA:7,1
DA:9,1
DA:10,1
DA:11,1
DA:14,3
DA:15,3
DA:16,3
DA:20,0
DA:21,0
DA:22,0
DA:23,0
DA:25,0
DA:26,0
DA:29,1
LF:15
LH:9
BRDA:21,0,0,0
BRF:1
BRH:0
end_of_record
TN:
SF:src\useCases\Favorite\Insert\InsertFavoriteUseCase.ts
FN:9,(anonymous_0)
FN:14,(anonymous_1)
FN:24,(anonymous_2)
FN:26,(anonymous_3)
FN:29,(anonymous_4)
FN:30,(anonymous_5)
FN:33,(anonymous_6)
FNF:7
FNH:3
FNDA:1,(anonymous_0)
FNDA:3,(anonymous_1)
FNDA:0,(anonymous_2)
FNDA:0,(anonymous_3)
FNDA:0,(anonymous_4)
FNDA:0,(anonymous_5)
FNDA:1,(anonymous_6)
DA:2,1
DA:7,1
DA:10,1
DA:11,1
DA:12,1
DA:15,3
DA:16,3
DA:17,3
DA:18,1
DA:20,2
DA:21,2
DA:25,0
DA:26,0
DA:27,0
DA:29,0
DA:30,0
DA:33,2
DA:34,1
DA:36,1
DA:37,1
DA:41,2
LF:21
LH:16
BRDA:17,0,0,1
BRDA:33,1,0,1
BRDA:33,1,1,1
BRF:3
BRH:3
end_of_record
TN:
SF:src\useCases\Favorite\Remove\RemoveFavoriteUseCase.ts
FN:7,(anonymous_0)
FN:10,(anonymous_1)
FNF:2
FNH:2
FNDA:1,(anonymous_0)
FNDA:3,(anonymous_1)
DA:2,1
DA:6,1
DA:8,1
DA:9,1
DA:11,3
DA:12,3
DA:14,2
DA:15,1
DA:17,1
DA:19,1
DA:20,1
DA:22,2
LF:12
LH:12
BRDA:14,0,0,1
BRF:1
BRH:1
end_of_record
TN:
SF:src\useCases\User\Create\CreateUserUseCase.ts
FN:7,(anonymous_0)
FN:9,(anonymous_1)
FNF:2
FNH:2
FNDA:1,(anonymous_0)
FNDA:2,(anonymous_1)
DA:1,1
DA:2,1
DA:6,1
DA:7,1
DA:10,2
DA:11,2
DA:12,1
DA:14,1
DA:16,1
LF:9
LH:9
BRDA:11,0,0,1
BRF:1
BRH:1
end_of_record
TN:
SF:src\useCases\User\Edit\EditUserUseCase.ts
FN:6,(anonymous_0)
FN:8,(anonymous_1)
FNF:2
FNH:2
FNDA:1,(anonymous_0)
FNDA:4,(anonymous_1)
DA:1,1
DA:5,1
DA:6,1
DA:9,4
DA:10,4
DA:11,1
DA:14,3
DA:15,2
DA:16,2
DA:17,1
DA:20,2
DA:24,2
LF:12
LH:12
BRDA:10,0,0,1
BRDA:14,1,0,2
BRDA:14,2,0,3
BRDA:14,2,1,2
BRDA:16,3,0,1
BRDA:21,4,0,1
BRDA:21,4,1,1
BRDA:21,5,0,2
BRDA:21,5,1,2
BRDA:22,6,0,1
BRDA:22,6,1,1
BRDA:22,7,0,2
BRDA:22,7,1,2
BRF:13
BRH:13
end_of_record
TN:
SF:src\useCases\User\List\ListUserUseCase.ts
FN:6,(anonymous_0)
FN:7,(anonymous_1)
FNF:2
FNH:2
FNDA:1,(anonymous_0)
FNDA:2,(anonymous_1)
DA:5,1
DA:6,1
DA:8,2
LF:3
LH:3
BRF:0
BRH:0
end_of_record
TN:
SF:src\useCases\User\Remove\RemoveUserUseCase.ts
FN:5,(anonymous_0)
FN:7,(anonymous_1)
FNF:2
FNH:2
FNDA:1,(anonymous_0)
FNDA:2,(anonymous_1)
DA:1,1
DA:4,1
DA:5,1
DA:8,2
DA:9,2
DA:10,1
DA:12,1
LF:7
LH:7
BRDA:9,0,0,1
BRF:1
BRH:1
end_of_record
TN:
SF:test\mocks\CacheProviderMock.ts
FN:3,(anonymous_0)
FNF:1
FNH:1
FNDA:3,(anonymous_0)
DA:3,3
LF:1
LH:1
BRF:0
BRH:0
end_of_record
TN:
SF:test\mocks\FavoriteRepositoryMock.ts
FN:3,(anonymous_0)
FNF:1
FNH:1
FNDA:3,(anonymous_0)
DA:3,3
LF:1
LH:1
BRF:0
BRH:0
end_of_record
TN:
SF:test\mocks\ProductProviderMock.ts
FN:4,(anonymous_0)
FNF:1
FNH:1
FNDA:2,(anonymous_0)
DA:4,2
LF:1
LH:1
BRF:0
BRH:0
end_of_record
TN:
SF:test\mocks\UserRepositoryMock.ts
FN:6,(anonymous_0)
FNF:1
FNH:1
FNDA:4,(anonymous_0)
DA:6,4
LF:1
LH:1
BRF:0
BRH:0
end_of_record
